<?xml version="1.0" encoding="UTF-8"?>
<!-- Generated by org.testng.reporters.JUnitReportReporter -->
<testsuite skipped="0" hostname="LAPTOP-PBGFF7J3" name="etsyTests.RegisterPageTest" tests="3" failures="0" timestamp="12 Mar 2020 22:10:53 GMT" time="41.143" errors="0">
  <testcase name="RegisterHeading" time="15.145" classname="etsyTests.RegisterPageTest"/>
  <testcase name="ValidateTermsofuseLink" time="13.894" classname="etsyTests.RegisterPageTest"/>
  <testcase name="createaccount" time="12.104" classname="etsyTests.RegisterPageTest"/>
</testsuite> <!-- etsyTests.RegisterPageTest -->
