<?xml version="1.0" encoding="UTF-8"?>
<!-- Generated by org.testng.reporters.JUnitReportReporter -->
<testsuite skipped="0" hostname="LAPTOP-PBGFF7J3" name="etsyTests.CraftSuppliesTest" tests="4" failures="0" timestamp="12 Mar 2020 22:10:53 GMT" time="87.779" errors="0">
  <testcase name="ShowMoreTest" time="19.429" classname="etsyTests.CraftSuppliesTest"/>
  <testcase name="CheckBoxTest" time="24.189" classname="etsyTests.CraftSuppliesTest"/>
  <testcase name="RadioButtonTest" time="22.511" classname="etsyTests.CraftSuppliesTest"/>
  <testcase name="locationTest" time="21.650" classname="etsyTests.CraftSuppliesTest"/>
</testsuite> <!-- etsyTests.CraftSuppliesTest -->
