<?xml version="1.0" encoding="UTF-8"?>
<!-- Generated by org.testng.reporters.JUnitReportReporter -->
<testsuite skipped="0" hostname="LAPTOP-PBGFF7J3" name="etsyTests.SigninPageTest" tests="3" failures="0" timestamp="12 Mar 2020 22:10:53 GMT" time="40.526" errors="0">
  <testcase name="LoginTest" time="11.608" classname="etsyTests.SigninPageTest"/>
  <testcase name="RegisterBtnTest" time="12.406" classname="etsyTests.SigninPageTest"/>
  <testcase name="Forgot_pwd_test" time="16.512" classname="etsyTests.SigninPageTest"/>
</testsuite> <!-- etsyTests.SigninPageTest -->
