<?xml version="1.0" encoding="UTF-8"?>
<!-- Generated by org.testng.reporters.JUnitReportReporter -->
<testsuite skipped="0" hostname="LAPTOP-PBGFF7J3" name="etsyTests.HomeNLivingTest" tests="4" failures="0" timestamp="12 Mar 2020 22:10:53 GMT" time="83.581" errors="0">
  <testcase name="Titletest" time="18.761" classname="etsyTests.HomeNLivingTest"/>
  <testcase name="SigninOptionTest" time="20.167" classname="etsyTests.HomeNLivingTest"/>
  <testcase name="SortByTest" time="24.716" classname="etsyTests.HomeNLivingTest"/>
  <testcase name="ValidateUrl" time="19.937" classname="etsyTests.HomeNLivingTest"/>
</testsuite> <!-- etsyTests.HomeNLivingTest -->
