<?xml version="1.0" encoding="UTF-8"?>
<!-- Generated by org.testng.reporters.JUnitReportReporter -->
<testsuite skipped="0" hostname="LAPTOP-PBGFF7J3" name="etsyTests.HomePageTest" tests="3" failures="0" timestamp="12 Mar 2020 22:10:53 GMT" time="41.805" errors="0">
  <testcase name="TitleTest" time="9.119" classname="etsyTests.HomePageTest"/>
  <testcase name="SigninoptionTest" time="13.932" classname="etsyTests.HomePageTest"/>
  <testcase name="SearchTest" time="18.754" classname="etsyTests.HomePageTest"/>
</testsuite> <!-- etsyTests.HomePageTest -->
